Base path: G:/unity3d/Editor/Data
Pipe name: \\.\pipe\UnityShaderCompiler-1-5616
Cmd: getPlatforms
Cmd: preprocess
  insize=5383 outsize=2168 ok=1
Cmd: preprocess
  insize=5774 outsize=1043 ok=1
Cmd: preprocess
  insize=13357 outsize=2694 ok=1
Cmd: preprocess
  insize=12509 outsize=2575 ok=1
Cmd: preprocess
  insize=2637 outsize=2637 ok=1
Cmd: preprocess
  insize=1434 outsize=1434 ok=1
Cmd: preprocess
  insize=970 outsize=1627 ok=1
Cmd: preprocess
  insize=2861 outsize=1098 ok=1
Cmd: preprocess
  insize=1574 outsize=702 ok=1
Cmd: preprocess
  insize=863 outsize=1033 ok=1
